<?xml version="1.0" encoding="UTF-8"?>
<testsuite name="com.example.springdatajpa.service.ClienteServiceTest" tests="1" skipped="0" failures="0" errors="0" timestamp="2025-08-28T01:41:29.500Z" hostname="Linux" time="0.739">
  <properties/>
  <testcase name="deveLancarExcecaoAoBuscarClienteInexistente()" classname="com.example.springdatajpa.service.ClienteServiceTest" time="0.739"/>
  <system-out><![CDATA[22:41:30.226 [Test worker] INFO com.example.springdatajpa.service.ClienteService -- Iniciando busca por cliente com id: 99
22:41:30.231 [Test worker] WARN com.example.springdatajpa.service.ClienteService -- Cliente com id: 99 não encontrado.
]]></system-out>
  <system-err><![CDATA[Mockito is currently self-attaching to enable the inline-mock-maker. This will no longer work in future releases of the JDK. Please add Mockito as an agent to your build as described in Mockito's documentation: https://javadoc.io/doc/org.mockito/mockito-core/latest/org.mockito/org/mockito/Mockito.html#0.3
WARNING: A Java agent has been loaded dynamically (/home/bob/.gradle/caches/modules-2/files-2.1/net.bytebuddy/byte-buddy-agent/1.17.6/17b32fd9f57deef02842f7f05abc4ad8127fe34e/byte-buddy-agent-1.17.6.jar)
WARNING: If a serviceability tool is in use, please run with -XX:+EnableDynamicAgentLoading to hide this warning
WARNING: If a serviceability tool is not in use, please run with -Djdk.instrument.traceUsage for more information
WARNING: Dynamic loading of agents will be disallowed by default in a future release
]]></system-err>
</testsuite>
